[INFO ]2024-02-1513:45:46.259[main]utilities.LoggerLoad1)-Loading Config file
[INFO ]2024-02-1513:45:59.899[main]utilities.LoggerLoad1)-Testing on chrome
[INFO ]2024-02-1513:46:00.030[main]utilities.LoggerLoad1)-Initializing driver for : chrome
[INFO ]2024-02-1513:46:00.263[main]utilities.LoggerLoad1)-===============================================================================================
[INFO ]2024-02-1513:46:00.264[main]utilities.LoggerLoad1)-[@register, @register1] : User launch home page of an dsalgo project
[INFO ]2024-02-1513:46:00.264[main]utilities.LoggerLoad1)------------------------------------------------------------------------------------------------
[INFO ]2024-02-1513:46:00.912[main]utilities.LoggerLoad1)-User opens DS Algo portal link
[INFO ]2024-02-1513:46:01.334[main]utilities.LoggerLoad1)-User clicks on Get Started button
[INFO ]2024-02-1513:46:01.350[main]utilities.LoggerLoad1)-User is redirected to homepage
[INFO ]2024-02-1513:46:01.429[main]utilities.LoggerLoad1)-===============================================================================================
[INFO ]2024-02-1513:46:01.429[main]utilities.LoggerLoad1)-[@register, @register2] : The user gets error message for empty fields into Username textbox
[INFO ]2024-02-1513:46:01.429[main]utilities.LoggerLoad1)------------------------------------------------------------------------------------------------
[INFO ]2024-02-1513:46:01.664[main]utilities.LoggerLoad1)-User clicks on Registration Button
[INFO ]2024-02-1513:46:01.699[main]utilities.LoggerLoad1)-Error Message dispalys below Username textbox
[INFO ]2024-02-1513:46:01.720[main]utilities.LoggerLoad1)-===============================================================================================
[INFO ]2024-02-1513:46:01.721[main]utilities.LoggerLoad1)-[@register, @register3] : The user gets error message for empty fields into Password textbox
[INFO ]2024-02-1513:46:01.721[main]utilities.LoggerLoad1)------------------------------------------------------------------------------------------------
[INFO ]2024-02-1513:46:01.981[main]utilities.LoggerLoad1)-User Enters data from datatable and clicks on Registration Button
[INFO ]2024-02-1513:46:02.006[main]utilities.LoggerLoad1)-Error Message dispalys below Password textbox
[INFO ]2024-02-1513:46:02.041[main]utilities.LoggerLoad1)-===============================================================================================
[INFO ]2024-02-1513:46:02.041[main]utilities.LoggerLoad1)-[@register, @register4] : The user gets error message for empty fields into confirm Password textbox
[INFO ]2024-02-1513:46:02.042[main]utilities.LoggerLoad1)------------------------------------------------------------------------------------------------
[INFO ]2024-02-1513:46:02.323[main]utilities.LoggerLoad1)-User Enters data from datatable and clicks on Registration Button
[INFO ]2024-02-1513:46:02.342[main]utilities.LoggerLoad1)-Error Message dispalys below Password textbox
[INFO ]2024-02-1513:46:02.375[main]utilities.LoggerLoad1)-===============================================================================================
[INFO ]2024-02-1513:46:02.375[main]utilities.LoggerLoad1)-[@register, @register5] : The user gets error message for invalid username
[INFO ]2024-02-1513:46:02.375[main]utilities.LoggerLoad1)------------------------------------------------------------------------------------------------
[INFO ]2024-02-1513:46:02.890[main]utilities.LoggerLoad1)-User Enters data from datatable and clicks on Registration Button
[INFO ]2024-02-1513:46:03.002[main]utilities.LoggerLoad1)-It displays and Error Message
[INFO ]2024-02-1513:46:03.016[main]utilities.LoggerLoad1)-===============================================================================================
[INFO ]2024-02-1513:46:03.016[main]utilities.LoggerLoad1)-[@register, @register6] : The user gets error message for password mismatch
[INFO ]2024-02-1513:46:03.016[main]utilities.LoggerLoad1)------------------------------------------------------------------------------------------------
[INFO ]2024-02-1513:46:03.541[main]utilities.LoggerLoad1)-User Enters valid username and password from datatable and clicks on Registration Button
[INFO ]2024-02-1513:46:03.563[main]utilities.LoggerLoad1)-It displays and Error Message
[INFO ]2024-02-1513:46:03.576[main]utilities.LoggerLoad1)-===============================================================================================
[INFO ]2024-02-1513:46:03.576[main]utilities.LoggerLoad1)-[@register, @register7] : The user gets error message for password with characters less than eight
[INFO ]2024-02-1513:46:03.576[main]utilities.LoggerLoad1)------------------------------------------------------------------------------------------------
[INFO ]2024-02-1513:46:04.012[main]utilities.LoggerLoad1)-User Enters valid username and less characters password from datatable and clicks on Registration Button
[INFO ]2024-02-1513:46:04.034[main]utilities.LoggerLoad1)-It displays and Error Message
[INFO ]2024-02-1513:46:04.042[main]utilities.LoggerLoad1)-===============================================================================================
[INFO ]2024-02-1513:46:04.042[main]utilities.LoggerLoad1)-[@register, @register8] : The user gets error message for password with only numbers
[INFO ]2024-02-1513:46:04.042[main]utilities.LoggerLoad1)------------------------------------------------------------------------------------------------
[INFO ]2024-02-1513:46:04.490[main]utilities.LoggerLoad1)-User Enters data from datatable and clicks on Registration Button
[INFO ]2024-02-1513:46:04.509[main]utilities.LoggerLoad1)-It displays and Error Message
[INFO ]2024-02-1513:46:04.520[main]utilities.LoggerLoad1)-===============================================================================================
[INFO ]2024-02-1513:46:04.520[main]utilities.LoggerLoad1)-[@register, @register9] : The user gets error message for password too similar to your other personal information
[INFO ]2024-02-1513:46:04.520[main]utilities.LoggerLoad1)------------------------------------------------------------------------------------------------
[INFO ]2024-02-1513:46:04.945[main]utilities.LoggerLoad1)-User Enters data from datatable and clicks on Registration Button
[INFO ]2024-02-1513:46:04.998[main]utilities.LoggerLoad1)-It displays and Error Message
[INFO ]2024-02-1513:46:05.012[main]utilities.LoggerLoad1)-===============================================================================================
[INFO ]2024-02-1513:46:05.012[main]utilities.LoggerLoad1)-[@register, @register10] : The user gets error message for commonly used password
[INFO ]2024-02-1513:46:05.013[main]utilities.LoggerLoad1)------------------------------------------------------------------------------------------------
[INFO ]2024-02-1513:46:05.458[main]utilities.LoggerLoad1)-User Enters data from datatable and clicks on Registration Button
[INFO ]2024-02-1513:46:05.475[main]utilities.LoggerLoad1)-It displays and Error Message
[INFO ]2024-02-1513:46:05.493[main]utilities.LoggerLoad1)-===============================================================================================
[INFO ]2024-02-1513:46:05.493[main]utilities.LoggerLoad1)-[@register, @register11] : The user redirected to Homepage with valid details
[INFO ]2024-02-1513:46:05.493[main]utilities.LoggerLoad1)------------------------------------------------------------------------------------------------
[INFO ]2024-02-1513:46:05.898[main]utilities.LoggerLoad1)-User Enters data from datatable and clicks on Registration Button
[INFO ]2024-02-1513:46:05.951[main]utilities.LoggerLoad1)-User redirected to Homepage with the message - New Account Created. You are logged in as your username
[INFO ]2024-02-1513:46:05.964[main]utilities.LoggerLoad1)-===============================================================================================
[INFO ]2024-02-1513:46:05.964[main]utilities.LoggerLoad1)-[@register, @register12] : The user gets error message for existing username
[INFO ]2024-02-1513:46:05.964[main]utilities.LoggerLoad1)------------------------------------------------------------------------------------------------
[INFO ]2024-02-1513:46:06.408[main]utilities.LoggerLoad1)-It should display an error message as Username already exists
[ERROR]2024-02-1513:46:06.439[main]utilities.LoggerLoad1)-Steps Failed , Taking Screenshot
[INFO ]2024-02-1513:46:06.624[main]utilities.LoggerLoad1)-Closing Driver
